<?xml version="1.0" encoding="UTF-8"?>
<!-- Generated by org.testng.reporters.JUnitXMLReporter -->
<testsuite ignored="6" hostname="box" failures="0" tests="3" name="Test1" time="3.957" errors="0" timestamp="2023-10-05T17:57:22 IST">
  <testcase classname="com.testdemo.AppTest" name="addNegativeTest" time="0.004"/>
  <testcase classname="com.testdemo.AppTest" name="addPositiveTest" time="0.0"/>
  <testcase classname="com.testdemo.WebDriverTest" name="seleniumTest" time="1.667"/>
  <testcase classname="com.testdemo.AppTest" name="subtractPositiveTest" time="0.0">
    <ignored/>
  </testcase> <!-- subtractPositiveTest -->
  <testcase classname="com.testdemo.AppTest" name="multiplyNegativeTest" time="0.0">
    <ignored/>
  </testcase> <!-- multiplyNegativeTest -->
  <testcase classname="com.testdemo.AppTest" name="subtractNegativeTest" time="0.0">
    <ignored/>
  </testcase> <!-- subtractNegativeTest -->
  <testcase classname="com.testdemo.AppTest" name="divideTest" time="0.0">
    <ignored/>
  </testcase> <!-- divideTest -->
  <testcase classname="com.testdemo.AppTest" name="divideByZeroTest" time="0.0">
    <ignored/>
  </testcase> <!-- divideByZeroTest -->
  <testcase classname="com.testdemo.AppTest" name="multiplyPositiveTest" time="0.0">
    <ignored/>
  </testcase> <!-- multiplyPositiveTest -->
</testsuite> <!-- Test1 -->
