<?xml version="1.0" encoding="UTF-8"?>
<!-- Generated by org.testng.reporters.JUnitXMLReporter -->
<testsuite ignored="6" hostname="machine" failures="1" tests="4" name="Test1" time="1.895" errors="0" timestamp="2023-10-21T16:23:46 IST">
  <testcase classname="com.testdemo.AppTest" name="addNegativeTest" time="0.002"/>
  <testcase classname="com.testdemo.AppTest" name="addPositiveTest" time="0.0"/>
  <testcase classname="com.testdemo.AppTest" name="addPositiveTest" time="0.0">
    <failure type="java.lang.AssertionError" message="expected:&amp;lt;8&amp;gt; but was:&amp;lt;7&amp;gt;">
      <![CDATA[java.lang.AssertionError: expected:<8> but was:<7>
at org.junit.Assert.fail(Assert.java:88)
at org.junit.Assert.failNotEquals(Assert.java:743)
at org.junit.Assert.assertEquals(Assert.java:118)
at org.junit.Assert.assertEquals(Assert.java:555)
at org.junit.Assert.assertEquals(Assert.java:542)
at com.testdemo.AppTest.addPositiveTest(AppTest.java:28)
at java.base/java.util.ArrayList.forEach(ArrayList.java:1541)
... Removed 31 stack frames]]>
    </failure>
  </testcase> <!-- addPositiveTest -->
  <testcase classname="com.testdemo.WebDriverTest" name="seleniumTest" time="1.052"/>
  <testcase classname="com.testdemo.AppTest" name="subtractPositiveTest" time="0.0">
    <ignored/>
  </testcase> <!-- subtractPositiveTest -->
  <testcase classname="com.testdemo.AppTest" name="multiplyPositiveTest" time="0.0">
    <ignored/>
  </testcase> <!-- multiplyPositiveTest -->
  <testcase classname="com.testdemo.AppTest" name="multiplyNegativeTest" time="0.0">
    <ignored/>
  </testcase> <!-- multiplyNegativeTest -->
  <testcase classname="com.testdemo.AppTest" name="subtractNegativeTest" time="0.0">
    <ignored/>
  </testcase> <!-- subtractNegativeTest -->
  <testcase classname="com.testdemo.AppTest" name="divideTest" time="0.0">
    <ignored/>
  </testcase> <!-- divideTest -->
  <testcase classname="com.testdemo.AppTest" name="divideByZeroTest" time="0.0">
    <ignored/>
  </testcase> <!-- divideByZeroTest -->
</testsuite> <!-- Test1 -->
