-------------------------------------------------------------------------------
Test set: TestSuite
-------------------------------------------------------------------------------
Tests run: 4, Failures: 1, Errors: 0, Skipped: 0, Time elapsed: 2.204 s <<< FAILURE! - in TestSuite
addPositiveTest(com.testdemo.AppTest)  Time elapsed: 0.003 s  <<< FAILURE!
java.lang.AssertionError: expected:<8> but was:<7>
	at com.testdemo.AppTest.addPositiveTest(AppTest.java:28)

